GPU Prolog Script v1.14
This is a GPU node.
.14
GPU Prolog Script v1.14
GPU Prolog Script v1.14
Enough GPUs available.
Allocating card 0
 v1.14
This is a GPU node.
This is a GPU node.
This is a GPU node.
GPU Prolog Script v1.14
This is a GPU node.
This is a GPU node.
This is a GPU node.
GPU Prolog Script v1.14
This is a GPU node.
This is a GPU node.
Enough GPUs available.
Allocating card 0
14
GPU Prolog Script v1.14
This is a GPU node.
This is a GPU node.
hogthrob-206-2.local
.
Allocating card 0
ERROR: unexpected pid running on card 0 ohogthrob-206-3.local
.
Allocating card 2

Enough GPUs available.
Allocating card 3
n walter.local. PID: 10502 Owner: ucacdtj
walter.local
walter.local
eus1.local
zeus1.local
ected pid running on card 0 on walter.local. PID: 10502 Owner: ucacdtj
walter.local
vailable.
Allocating card 4
ERROR: unexpEnough GPUs available.
Allocating card 5
al. PID: 10502 Owner: ucacdtj
zeus1.local

zeus1.local
ected pid running on card 0 on walter.local. PID: 10502 Owner: ucacdtj
walter.local
ERROR: unexpected pid running on card 0 on walter.local. PID: 10502 Owner: ucacdtj
walter.local
ERROR: unexpected pid running on card 0 on walter.local. PID: 10502 Owner: ucacdtj
walter.local
walter.local
/SAN/bioinf/PFP/conda/miniconda3/envs/pfp/lib/python3.10/site-packages/requests/__init__.py:86: RequestsDependencyWarning: Unable to find acceptable character detection dependency (chardet or charset_normalizer).
  warnings.warn(
/SAN/bioinf/PFP/conda/miniconda3/envs/pfp/lib/python3.10/site-packages/requests/__init__.py:86: RequestsDependencyWarning: Unable to find acceptable character detection dependency (chardet or charset_normalizer).
  warnings.warn(
/SAN/bioinf/PFP/conda/miniconda3/envs/pfp/lib/python3.10/site-packages/requests/__init__.py:86: RequestsDependencyWarning: Unable to find acceptable character detection dependency (chardet or charset_normalizer).
  warnings.warn(
/SAN/bioinf/PFP/conda/miniconda3/envs/pfp/lib/python3.10/site-packages/requests/__init__.py:86: RequestsDependencyWarning: Unable to find acceptable character detection dependency (chardet or charset_normalizer).
  warnings.warn(
/SAN/bioinf/PFP/conda/miniconda3/envs/pfp/lib/python3.10/site-packages/requests/__init__.py:86: RequestsDependencyWarning: Unable to find acceptable character detection dependency (chardet or charset_normalizer).
  warnings.warn(
/SAN/bioinf/PFP/conda/miniconda3/envs/pfp/lib/python3.10/site-packages/requests/__init__.py:86: RequestsDependencyWarning: Unable to find acceptable character detection dependency (chardet or charset_normalizer).
  warnings.warn(
/SAN/bioinf/PFP/conda/miniconda3/envs/pfp/lib/python3.10/site-packages/requests/__init__.py:86: RequestsDependencyWarning: Unable to find acceptable character detection dependency (chardet or charset_normalizer).
  warnings.warn(
/SAN/bioinf/PFP/conda/miniconda3/envs/pfp/lib/python3.10/site-packages/requests/__init__.py:86: RequestsDependencyWarning: Unable to find acceptable character detection dependency (chardet or charset_normalizer).
  warnings.warn(
/SAN/bioinf/PFP/conda/miniconda3/envs/pfp/lib/python3.10/site-packages/requests/__init__.py:86: RequestsDependencyWarning: Unable to find acceptable character detection dependency (chardet or charset_normalizer).
  warnings.warn(
/SAN/bioinf/PFP/conda/miniconda3/envs/pfp/lib/python3.10/site-packages/requests/__init__.py:86: RequestsDependencyWarning: Unable to find acceptable character detection dependency (chardet or charset_normalizer).
  warnings.warn(
/SAN/bioinf/PFP/conda/miniconda3/envs/pfp/lib/python3.10/site-packages/requests/__init__.py:86: RequestsDependencyWarning: Unable to find acceptable character detection dependency (chardet or charset_normalizer).
  warnings.warn(
seymour1.local
/SAN/bioinf/PFP/conda/miniconda3/envs/pfp/lib/python3.10/site-packages/requests/__init__.py:86: RequestsDependencyWarning: Unable to find acceptable character detection dependency (chardet or charset_normalizer).
  warnings.warn(
GPU Prolog Script v1.14
This is a GPU node.
Enough GPUs available.
Allocating card 1
hogthrob-206-2.local
/SAN/bioinf/PFP/conda/miniconda3/envs/pfp/lib/python3.10/site-packages/requests/__init__.py:86: RequestsDependencyWarning: Unable to find acceptable character detection dependency (chardet or charset_normalizer).
  warnings.warn(
GPU Prolog Script v1.14
This is a GPU node.
Enough GPUs available.
Allocating card 3
e.
Enough GPUs available.
Allocating card 1
seymour1.local
/SAN/bioinf/PFP/conda/miniconda3/envs/pfp/lib/python3.10/site-packages/requests/__init__.py:86: RequestsDependencyWarning: Unable to find acceptable character detection dependency (chardet or charset_normalizer).
  warnings.warn(
GPU Prolog Script v1.14
This is a GPU node.
Enough GPUs available.
Allocating card 5
seymour1.local
/SAN/bioinf/PFP/conda/miniconda3/envs/pfp/lib/python3.10/site-packages/requests/__init__.py:86: RequestsDependencyWarning: Unable to find acceptable character detection dependency (chardet or charset_normalizer).
  warnings.warn(
hogthrob-206-1.local
hogthrob-206-1.local
/SAN/bioinf/PFP/conda/miniconda3/envs/pfp/lib/python3.10/site-packages/requests/__init__.py:86: RequestsDependencyWarning: Unable to find acceptable character detection dependency (chardet or charset_normalizer).
  warnings.warn(
/SAN/bioinf/PFP/conda/miniconda3/envs/pfp/lib/python3.10/site-packages/requests/__init__.py:86: RequestsDependencyWarning: Unable to find acceptable character detection dependency (chardet or charset_normalizer).
  warnings.warn(
